<?xml version="1.0" encoding="UTF-8"?>
<!-- Generated by org.testng.reporters.JUnitReportReporter -->
<testsuite hostname="jakobb-VirtualBox" name="calculator_jakobbjork.calculator_jakobbjork.TestCalculator" tests="13" failures="0" timestamp="12 Dec 2018 13:16:37 GMT" time="13.747" errors="0">
  <testcase name="test11BasicDecimals" time="3.550" classname="calculator_jakobbjork.calculator_jakobbjork.TestCalculator"/>
  <testcase name="test0BasicAllPositive" time="0.771" classname="calculator_jakobbjork.calculator_jakobbjork.TestCalculator"/>
  <testcase name="test10AdvancedInputZero" time="1.051" classname="calculator_jakobbjork.calculator_jakobbjork.TestCalculator"/>
  <testcase name="test8AdvancedAdvFunctions" time="1.284" classname="calculator_jakobbjork.calculator_jakobbjork.TestCalculator"/>
  <testcase name="test5AdvancedFirstNegative" time="0.842" classname="calculator_jakobbjork.calculator_jakobbjork.TestCalculator"/>
  <testcase name="test1BasicFirstNegative" time="0.678" classname="calculator_jakobbjork.calculator_jakobbjork.TestCalculator"/>
  <testcase name="test4AdvancedAllPositive" time="0.743" classname="calculator_jakobbjork.calculator_jakobbjork.TestCalculator"/>
  <testcase name="test6AdvancedSecondNegative" time="0.579" classname="calculator_jakobbjork.calculator_jakobbjork.TestCalculator"/>
  <testcase name="test9BasicInputZero" time="0.988" classname="calculator_jakobbjork.calculator_jakobbjork.TestCalculator"/>
  <testcase name="test12AdvancedDecimals" time="0.684" classname="calculator_jakobbjork.calculator_jakobbjork.TestCalculator"/>
  <testcase name="test2BasicSecondNegative" time="0.681" classname="calculator_jakobbjork.calculator_jakobbjork.TestCalculator"/>
  <testcase name="test7AdvancedAllNegative" time="1.097" classname="calculator_jakobbjork.calculator_jakobbjork.TestCalculator"/>
  <testcase name="test3BasicAllNegative" time="0.799" classname="calculator_jakobbjork.calculator_jakobbjork.TestCalculator"/>
</testsuite> <!-- calculator_jakobbjork.calculator_jakobbjork.TestCalculator -->
