<?xml version="1.0" encoding="UTF-8"?>
<!-- Generated by org.testng.reporters.JUnitReportReporter -->
<testsuite hostname="jakobb-VirtualBox" name="calculator_jakobbjork.calculator_jakobbjork.TestCalculator" tests="13" failures="0" timestamp="12 Dec 2018 14:07:55 GMT" time="15.154" errors="0">
  <testcase name="test11BasicDecimals" time="3.464" classname="calculator_jakobbjork.calculator_jakobbjork.TestCalculator"/>
  <testcase name="test2BasicSecondNegative" time="0.984" classname="calculator_jakobbjork.calculator_jakobbjork.TestCalculator"/>
  <testcase name="test1BasicFirstNegative" time="0.667" classname="calculator_jakobbjork.calculator_jakobbjork.TestCalculator"/>
  <testcase name="test0BasicAllPositive" time="0.848" classname="calculator_jakobbjork.calculator_jakobbjork.TestCalculator"/>
  <testcase name="test4AdvancedAllPositive" time="0.835" classname="calculator_jakobbjork.calculator_jakobbjork.TestCalculator"/>
  <testcase name="test10AdvancedInputZero" time="1.303" classname="calculator_jakobbjork.calculator_jakobbjork.TestCalculator"/>
  <testcase name="test6AdvancedSecondNegative" time="0.915" classname="calculator_jakobbjork.calculator_jakobbjork.TestCalculator"/>
  <testcase name="test9BasicInputZero" time="0.879" classname="calculator_jakobbjork.calculator_jakobbjork.TestCalculator"/>
  <testcase name="test12AdvancedDecimals" time="0.735" classname="calculator_jakobbjork.calculator_jakobbjork.TestCalculator"/>
  <testcase name="test5AdvancedFirstNegative" time="0.897" classname="calculator_jakobbjork.calculator_jakobbjork.TestCalculator"/>
  <testcase name="test7AdvancedAllNegative" time="1.183" classname="calculator_jakobbjork.calculator_jakobbjork.TestCalculator"/>
  <testcase name="test3BasicAllNegative" time="1.048" classname="calculator_jakobbjork.calculator_jakobbjork.TestCalculator"/>
  <testcase name="test8AdvancedAdvFunctions" time="1.396" classname="calculator_jakobbjork.calculator_jakobbjork.TestCalculator"/>
</testsuite> <!-- calculator_jakobbjork.calculator_jakobbjork.TestCalculator -->
